{
  "stats": {
    "suites": 1,
    "tests": 2,
    "passes": 2,
    "pending": 0,
    "failures": 0,
    "start": "2022-01-02T16:23:04.863Z",
    "end": "2022-01-02T16:23:07.678Z",
    "duration": 2815,
    "testsRegistered": 2,
    "passPercent": 100,
    "pendingPercent": 0,
    "other": 0,
    "hasOther": false,
    "skipped": 0,
    "hasSkipped": false
  },
  "results": [
    {
      "uuid": "327831ac-6f95-48f6-a593-9645ccee963b",
      "title": "",
      "fullFile": "cypress/integration/project.spec.js",
      "file": "cypress/integration/project.spec.js",
      "beforeHooks": [],
      "afterHooks": [],
      "tests": [],
      "suites": [
        {
          "uuid": "64bbd9ae-8267-480f-9b06-d89ed76faf4a",
          "title": "11 - Adicione um botão com id=\"remover-finalizados\" que quando clicado remove **somente** os elementos finalizados da sua lista",
          "fullFile": "",
          "file": "",
          "beforeHooks": [],
          "afterHooks": [],
          "tests": [
            {
              "title": "Será verificado que existe um elemento `button` com o id `remover-finalizados`",
              "fullTitle": "11 - Adicione um botão com id=\"remover-finalizados\" que quando clicado remove **somente** os elementos finalizados da sua lista Será verificado que existe um elemento `button` com o id `remover-finalizados`",
              "timedOut": null,
              "duration": 406,
              "state": "passed",
              "speed": "slow",
              "pass": true,
              "fail": false,
              "pending": false,
              "context": null,
              "code": "cy.get(TODO_REMOVE_DONE_BUTTON_SELECTOR).should('exist');",
              "err": {},
              "uuid": "509471d2-740d-4556-86d1-d522ec78fcc5",
              "parentUUID": "64bbd9ae-8267-480f-9b06-d89ed76faf4a",
              "isHook": false,
              "skipped": false
            },
            {
              "title": "Será verificado que, ao clicar no botão, todos os elementos marcados como feitos são removidos da lista",
              "fullTitle": "11 - Adicione um botão com id=\"remover-finalizados\" que quando clicado remove **somente** os elementos finalizados da sua lista Será verificado que, ao clicar no botão, todos os elementos marcados como feitos são removidos da lista",
              "timedOut": null,
              "duration": 2357,
              "state": "passed",
              "speed": "slow",
              "pass": true,
              "fail": false,
              "pending": false,
              "context": null,
              "code": "var todo1 = {\n  content: 'vou terminar essa tarefa logo'\n};\nvar todo2 = {\n  content: 'essa tarefa eu vou demorar para finalizar'\n};\nvar todo3 = {\n  content: 'essa tarefa tbm vai demorar...'\n};\nvar todos = [todo1, todo2, todo3];\naddTodos(todos);\ncy.get(\"\".concat(TODO_LIST_LINE_SELECTOR, \":nth-child(2)\")).dblclick();\ncy.get(\"\".concat(TODO_LIST_LINE_SELECTOR, \":nth-child(3)\")).dblclick();\ncy.get(TODO_REMOVE_DONE_BUTTON_SELECTOR).click();\ncheckTodoList([todo1]);",
              "err": {},
              "uuid": "d31dbac8-46e8-459e-9766-619d092351e4",
              "parentUUID": "64bbd9ae-8267-480f-9b06-d89ed76faf4a",
              "isHook": false,
              "skipped": false
            }
          ],
          "suites": [],
          "passes": [
            "509471d2-740d-4556-86d1-d522ec78fcc5",
            "d31dbac8-46e8-459e-9766-619d092351e4"
          ],
          "failures": [],
          "pending": [],
          "skipped": [],
          "duration": 2763,
          "root": false,
          "rootEmpty": false,
          "_timeout": 2000
        }
      ],
      "passes": [],
      "failures": [],
      "pending": [],
      "skipped": [],
      "duration": 0,
      "root": true,
      "rootEmpty": true,
      "_timeout": 2000
    }
  ],
  "meta": {
    "mocha": {
      "version": "7.0.1"
    },
    "mochawesome": {
      "options": {
        "quiet": false,
        "reportFilename": "mochawesome",
        "saveHtml": false,
        "saveJson": true,
        "consoleReporter": "spec",
        "useInlineDiffs": false
      },
      "version": "4.1.0"
    },
    "marge": {
      "options": {
        "id": "default",
        "reportDir": "cypress/reports",
        "overwrite": true,
        "html": false,
        "json": true
      },
      "version": "4.1.0"
    }
  }
}