{
  "stats": {
    "suites": 1,
    "tests": 2,
    "passes": 2,
    "pending": 0,
    "failures": 0,
    "start": "2021-12-31T02:20:40.922Z",
    "end": "2021-12-31T02:20:43.337Z",
    "duration": 2415,
    "testsRegistered": 2,
    "passPercent": 100,
    "pendingPercent": 0,
    "other": 0,
    "hasOther": false,
    "skipped": 0,
    "hasSkipped": false
  },
  "results": [
    {
      "uuid": "4deb3fde-b055-4cb1-9bf7-ba22b11750b5",
      "title": "",
      "fullFile": "cypress/integration/project.spec.js",
      "file": "cypress/integration/project.spec.js",
      "beforeHooks": [],
      "afterHooks": [],
      "tests": [],
      "suites": [
        {
          "uuid": "4530c215-aafe-4990-a899-66739a9c4022",
          "title": "14 - Adicione um botão com id=\"remover-selecionado\" que, quando clicado, remove o item selecionado",
          "fullFile": "",
          "file": "",
          "beforeHooks": [],
          "afterHooks": [],
          "tests": [
            {
              "title": "Será verificada a presença de um elemento `button` com um id `remover-selecionado`",
              "fullTitle": "14 - Adicione um botão com id=\"remover-selecionado\" que, quando clicado, remove o item selecionado Será verificada a presença de um elemento `button` com um id `remover-selecionado`",
              "timedOut": null,
              "duration": 428,
              "state": "passed",
              "speed": "slow",
              "pass": true,
              "fail": false,
              "pending": false,
              "context": null,
              "code": "cy.get(TODO_REMOVE_SELECTED_BUTTON_SELECTOR).should('exist');",
              "err": {},
              "uuid": "2296bdf0-397b-4734-8af0-df556f06f800",
              "parentUUID": "4530c215-aafe-4990-a899-66739a9c4022",
              "isHook": false,
              "skipped": false
            },
            {
              "title": "Será verificado que, no clicar no botão, somente o elemento selecionado é removido",
              "fullTitle": "14 - Adicione um botão com id=\"remover-selecionado\" que, quando clicado, remove o item selecionado Será verificado que, no clicar no botão, somente o elemento selecionado é removido",
              "timedOut": null,
              "duration": 1885,
              "state": "passed",
              "speed": "slow",
              "pass": true,
              "fail": false,
              "pending": false,
              "context": null,
              "code": "var todo1 = {\n  content: 'não posso remover essa tarefa'\n};\nvar todo2 = {\n  content: 'essa tarefa aqui eu posso remover'\n};\nvar todos = [todo1, todo2];\naddTodos(todos);\ncheckTodoList(todos);\ncy.get(TODO_LIST_LINE_SELECTOR).last().click();\ncy.get(TODO_REMOVE_SELECTED_BUTTON_SELECTOR).click();\ncheckTodoList([todo1]);",
              "err": {},
              "uuid": "d620015f-fa8f-4166-867d-262567b919b3",
              "parentUUID": "4530c215-aafe-4990-a899-66739a9c4022",
              "isHook": false,
              "skipped": false
            }
          ],
          "suites": [],
          "passes": [
            "2296bdf0-397b-4734-8af0-df556f06f800",
            "d620015f-fa8f-4166-867d-262567b919b3"
          ],
          "failures": [],
          "pending": [],
          "skipped": [],
          "duration": 2313,
          "root": false,
          "rootEmpty": false,
          "_timeout": 2000
        }
      ],
      "passes": [],
      "failures": [],
      "pending": [],
      "skipped": [],
      "duration": 0,
      "root": true,
      "rootEmpty": true,
      "_timeout": 2000
    }
  ],
  "meta": {
    "mocha": {
      "version": "7.0.1"
    },
    "mochawesome": {
      "options": {
        "quiet": false,
        "reportFilename": "mochawesome",
        "saveHtml": false,
        "saveJson": true,
        "consoleReporter": "spec",
        "useInlineDiffs": false
      },
      "version": "4.1.0"
    },
    "marge": {
      "options": {
        "id": "default",
        "reportDir": "cypress/reports",
        "overwrite": true,
        "html": false,
        "json": true
      },
      "version": "4.1.0"
    }
  }
}